The system is: Darwin - 12.2.0 - i386
Compiling the CXX compiler identification source file "CMakeCXXCompilerId.cpp" succeeded.
Compiler: /usr/bin/c++ 
Build flags: 
Id flags: 

The output was:
0


Compilation of the CXX compiler identification source "CMakeCXXCompilerId.cpp" produced "a.out"

The CXX compiler identification is Clang, found in "/Users/jianweixu/Documents/Project/Face/FaceExpressionRecognition/opencv-2.4.5/release/CMakeFiles/2.8.10/CompilerIdCXX/a.out"

Compiling the C compiler identification source file "CMakeCCompilerId.c" succeeded.
Compiler: /usr/bin/cc 
Build flags: 
Id flags: 

The output was:
0


Compilation of the C compiler identification source "CMakeCCompilerId.c" produced "a.out"

The C compiler identification is Clang, found in "/Users/jianweixu/Documents/Project/Face/FaceExpressionRecognition/opencv-2.4.5/release/CMakeFiles/2.8.10/CompilerIdC/a.out"

Determining if the CXX compiler works passed with the following output:
Change Dir: /Users/jianweixu/Documents/Project/Face/FaceExpressionRecognition/opencv-2.4.5/release/CMakeFiles/CMakeTmp

Run Build Command:/opt/local/bin/gmake "cmTryCompileExec714213498/fast"
/opt/local/bin/gmake -f CMakeFiles/cmTryCompileExec714213498.dir/build.make CMakeFiles/cmTryCompileExec714213498.dir/build
gmake[1]: Entering directory `/Users/jianweixu/Documents/Project/Face/FaceExpressionRecognition/opencv-2.4.5/release/CMakeFiles/CMakeTmp'
/opt/local/bin/cmake -E cmake_progress_report /Users/jianweixu/Documents/Project/Face/FaceExpressionRecognition/opencv-2.4.5/release/CMakeFiles/CMakeTmp/CMakeFiles 1
Building CXX object CMakeFiles/cmTryCompileExec714213498.dir/testCXXCompiler.cxx.o
/usr/bin/c++     -o CMakeFiles/cmTryCompileExec714213498.dir/testCXXCompiler.cxx.o -c /Users/jianweixu/Documents/Project/Face/FaceExpressionRecognition/opencv-2.4.5/release/CMakeFiles/CMakeTmp/testCXXCompiler.cxx
Linking CXX executable cmTryCompileExec714213498
/opt/local/bin/cmake -E cmake_link_script CMakeFiles/cmTryCompileExec714213498.dir/link.txt --verbose=1
/usr/bin/c++       -Wl,-search_paths_first -Wl,-headerpad_max_install_names   CMakeFiles/cmTryCompileExec714213498.dir/testCXXCompiler.cxx.o  -o cmTryCompileExec714213498  
gmake[1]: Leaving directory `/Users/jianweixu/Documents/Project/Face/FaceExpressionRecognition/opencv-2.4.5/release/CMakeFiles/CMakeTmp'


Detecting CXX compiler ABI info compiled with the following output:
Change Dir: /Users/jianweixu/Documents/Project/Face/FaceExpressionRecognition/opencv-2.4.5/release/CMakeFiles/CMakeTmp

Run Build Command:/opt/local/bin/gmake "cmTryCompileExec1908390639/fast"
/opt/local/bin/gmake -f CMakeFiles/cmTryCompileExec1908390639.dir/build.make CMakeFiles/cmTryCompileExec1908390639.dir/build
gmake[1]: Entering directory `/Users/jianweixu/Documents/Project/Face/FaceExpressionRecognition/opencv-2.4.5/release/CMakeFiles/CMakeTmp'
/opt/local/bin/cmake -E cmake_progress_report /Users/jianweixu/Documents/Project/Face/FaceExpressionRecognition/opencv-2.4.5/release/CMakeFiles/CMakeTmp/CMakeFiles 1
Building CXX object CMakeFiles/cmTryCompileExec1908390639.dir/CMakeCXXCompilerABI.cpp.o
/usr/bin/c++     -o CMakeFiles/cmTryCompileExec1908390639.dir/CMakeCXXCompilerABI.cpp.o -c /opt/local/share/cmake-2.8/Modules/CMakeCXXCompilerABI.cpp
Linking CXX executable cmTryCompileExec1908390639
/opt/local/bin/cmake -E cmake_link_script CMakeFiles/cmTryCompileExec1908390639.dir/link.txt --verbose=1
/usr/bin/c++       -Wl,-search_paths_first -Wl,-headerpad_max_install_names -v CMakeFiles/cmTryCompileExec1908390639.dir/CMakeCXXCompilerABI.cpp.o  -o cmTryCompileExec1908390639   
Apple LLVM version 4.2 (clang-425.0.28) (based on LLVM 3.2svn)
Target: x86_64-apple-darwin12.2.0
Thread model: posix
 "/usr/bin/ld" -demangle -dynamic -arch x86_64 -macosx_version_min 10.8.0 -o cmTryCompileExec1908390639 -search_paths_first -headerpad_max_install_names CMakeFiles/cmTryCompileExec1908390639.dir/CMakeCXXCompilerABI.cpp.o -lstdc++ -lSystem /usr/bin/../lib/clang/4.2/lib/darwin/libclang_rt.osx.a
gmake[1]: Leaving directory `/Users/jianweixu/Documents/Project/Face/FaceExpressionRecognition/opencv-2.4.5/release/CMakeFiles/CMakeTmp'


Parsed CXX implicit link information from above output:
  link line regex: [^( *|.*[/\])(ld|ld|collect2)[^/\]*( |$)]
  ignore line: [Change Dir: /Users/jianweixu/Documents/Project/Face/FaceExpressionRecognition/opencv-2.4.5/release/CMakeFiles/CMakeTmp]
  ignore line: []
  ignore line: [Run Build Command:/opt/local/bin/gmake "cmTryCompileExec1908390639/fast"]
  ignore line: [/opt/local/bin/gmake -f CMakeFiles/cmTryCompileExec1908390639.dir/build.make CMakeFiles/cmTryCompileExec1908390639.dir/build]
  ignore line: [gmake[1]: Entering directory `/Users/jianweixu/Documents/Project/Face/FaceExpressionRecognition/opencv-2.4.5/release/CMakeFiles/CMakeTmp']
  ignore line: [/opt/local/bin/cmake -E cmake_progress_report /Users/jianweixu/Documents/Project/Face/FaceExpressionRecognition/opencv-2.4.5/release/CMakeFiles/CMakeTmp/CMakeFiles 1]
  ignore line: [Building CXX object CMakeFiles/cmTryCompileExec1908390639.dir/CMakeCXXCompilerABI.cpp.o]
  ignore line: [/usr/bin/c++     -o CMakeFiles/cmTryCompileExec1908390639.dir/CMakeCXXCompilerABI.cpp.o -c /opt/local/share/cmake-2.8/Modules/CMakeCXXCompilerABI.cpp]
  ignore line: [Linking CXX executable cmTryCompileExec1908390639]
  ignore line: [/opt/local/bin/cmake -E cmake_link_script CMakeFiles/cmTryCompileExec1908390639.dir/link.txt --verbose=1]
  ignore line: [/usr/bin/c++       -Wl,-search_paths_first -Wl,-headerpad_max_install_names -v CMakeFiles/cmTryCompileExec1908390639.dir/CMakeCXXCompilerABI.cpp.o  -o cmTryCompileExec1908390639   ]
  ignore line: [Apple LLVM version 4.2 (clang-425.0.28) (based on LLVM 3.2svn)]
  ignore line: [Target: x86_64-apple-darwin12.2.0]
  ignore line: [Thread model: posix]
  link line: [ "/usr/bin/ld" -demangle -dynamic -arch x86_64 -macosx_version_min 10.8.0 -o cmTryCompileExec1908390639 -search_paths_first -headerpad_max_install_names CMakeFiles/cmTryCompileExec1908390639.dir/CMakeCXXCompilerABI.cpp.o -lstdc++ -lSystem /usr/bin/../lib/clang/4.2/lib/darwin/libclang_rt.osx.a]
    arg [/usr/bin/ld] ==> ignore
    arg [-demangle] ==> ignore
    arg [-dynamic] ==> ignore
    arg [-arch] ==> ignore
    arg [x86_64] ==> ignore
    arg [-macosx_version_min] ==> ignore
    arg [10.8.0] ==> ignore
    arg [-o] ==> ignore
    arg [cmTryCompileExec1908390639] ==> ignore
    arg [-search_paths_first] ==> ignore
    arg [-headerpad_max_install_names] ==> ignore
    arg [CMakeFiles/cmTryCompileExec1908390639.dir/CMakeCXXCompilerABI.cpp.o] ==> ignore
    arg [-lstdc++] ==> lib [stdc++]
    arg [-lSystem] ==> lib [System]
    arg [/usr/bin/../lib/clang/4.2/lib/darwin/libclang_rt.osx.a] ==> lib [/usr/bin/../lib/clang/4.2/lib/darwin/libclang_rt.osx.a]
  remove lib [System]
  implicit libs: [stdc++;/usr/bin/../lib/clang/4.2/lib/darwin/libclang_rt.osx.a]
  implicit dirs: []


Determining if the C compiler works passed with the following output:
Change Dir: /Users/jianweixu/Documents/Project/Face/FaceExpressionRecognition/opencv-2.4.5/release/CMakeFiles/CMakeTmp

Run Build Command:/opt/local/bin/gmake "cmTryCompileExec3334619312/fast"
/opt/local/bin/gmake -f CMakeFiles/cmTryCompileExec3334619312.dir/build.make CMakeFiles/cmTryCompileExec3334619312.dir/build
gmake[1]: Entering directory `/Users/jianweixu/Documents/Project/Face/FaceExpressionRecognition/opencv-2.4.5/release/CMakeFiles/CMakeTmp'
/opt/local/bin/cmake -E cmake_progress_report /Users/jianweixu/Documents/Project/Face/FaceExpressionRecognition/opencv-2.4.5/release/CMakeFiles/CMakeTmp/CMakeFiles 1
Building C object CMakeFiles/cmTryCompileExec3334619312.dir/testCCompiler.c.o
/usr/bin/cc    -o CMakeFiles/cmTryCompileExec3334619312.dir/testCCompiler.c.o   -c /Users/jianweixu/Documents/Project/Face/FaceExpressionRecognition/opencv-2.4.5/release/CMakeFiles/CMakeTmp/testCCompiler.c
Linking C executable cmTryCompileExec3334619312
/opt/local/bin/cmake -E cmake_link_script CMakeFiles/cmTryCompileExec3334619312.dir/link.txt --verbose=1
/usr/bin/cc      -Wl,-search_paths_first -Wl,-headerpad_max_install_names   CMakeFiles/cmTryCompileExec3334619312.dir/testCCompiler.c.o  -o cmTryCompileExec3334619312  
gmake[1]: Leaving directory `/Users/jianweixu/Documents/Project/Face/FaceExpressionRecognition/opencv-2.4.5/release/CMakeFiles/CMakeTmp'


Detecting C compiler ABI info compiled with the following output:
Change Dir: /Users/jianweixu/Documents/Project/Face/FaceExpressionRecognition/opencv-2.4.5/release/CMakeFiles/CMakeTmp

Run Build Command:/opt/local/bin/gmake "cmTryCompileExec1446829338/fast"
/opt/local/bin/gmake -f CMakeFiles/cmTryCompileExec1446829338.dir/build.make CMakeFiles/cmTryCompileExec1446829338.dir/build
gmake[1]: Entering directory `/Users/jianweixu/Documents/Project/Face/FaceExpressionRecognition/opencv-2.4.5/release/CMakeFiles/CMakeTmp'
/opt/local/bin/cmake -E cmake_progress_report /Users/jianweixu/Documents/Project/Face/FaceExpressionRecognition/opencv-2.4.5/release/CMakeFiles/CMakeTmp/CMakeFiles 1
Building C object CMakeFiles/cmTryCompileExec1446829338.dir/CMakeCCompilerABI.c.o
/usr/bin/cc    -o CMakeFiles/cmTryCompileExec1446829338.dir/CMakeCCompilerABI.c.o   -c /opt/local/share/cmake-2.8/Modules/CMakeCCompilerABI.c
Linking C executable cmTryCompileExec1446829338
/opt/local/bin/cmake -E cmake_link_script CMakeFiles/cmTryCompileExec1446829338.dir/link.txt --verbose=1
/usr/bin/cc      -Wl,-search_paths_first -Wl,-headerpad_max_install_names -v CMakeFiles/cmTryCompileExec1446829338.dir/CMakeCCompilerABI.c.o  -o cmTryCompileExec1446829338   
Apple LLVM version 4.2 (clang-425.0.28) (based on LLVM 3.2svn)
Target: x86_64-apple-darwin12.2.0
Thread model: posix
 "/usr/bin/ld" -demangle -dynamic -arch x86_64 -macosx_version_min 10.8.0 -o cmTryCompileExec1446829338 -search_paths_first -headerpad_max_install_names CMakeFiles/cmTryCompileExec1446829338.dir/CMakeCCompilerABI.c.o -lSystem /usr/bin/../lib/clang/4.2/lib/darwin/libclang_rt.osx.a
gmake[1]: Leaving directory `/Users/jianweixu/Documents/Project/Face/FaceExpressionRecognition/opencv-2.4.5/release/CMakeFiles/CMakeTmp'


Parsed C implicit link information from above output:
  link line regex: [^( *|.*[/\])(ld|ld|collect2)[^/\]*( |$)]
  ignore line: [Change Dir: /Users/jianweixu/Documents/Project/Face/FaceExpressionRecognition/opencv-2.4.5/release/CMakeFiles/CMakeTmp]
  ignore line: []
  ignore line: [Run Build Command:/opt/local/bin/gmake "cmTryCompileExec1446829338/fast"]
  ignore line: [/opt/local/bin/gmake -f CMakeFiles/cmTryCompileExec1446829338.dir/build.make CMakeFiles/cmTryCompileExec1446829338.dir/build]
  ignore line: [gmake[1]: Entering directory `/Users/jianweixu/Documents/Project/Face/FaceExpressionRecognition/opencv-2.4.5/release/CMakeFiles/CMakeTmp']
  ignore line: [/opt/local/bin/cmake -E cmake_progress_report /Users/jianweixu/Documents/Project/Face/FaceExpressionRecognition/opencv-2.4.5/release/CMakeFiles/CMakeTmp/CMakeFiles 1]
  ignore line: [Building C object CMakeFiles/cmTryCompileExec1446829338.dir/CMakeCCompilerABI.c.o]
  ignore line: [/usr/bin/cc    -o CMakeFiles/cmTryCompileExec1446829338.dir/CMakeCCompilerABI.c.o   -c /opt/local/share/cmake-2.8/Modules/CMakeCCompilerABI.c]
  ignore line: [Linking C executable cmTryCompileExec1446829338]
  ignore line: [/opt/local/bin/cmake -E cmake_link_script CMakeFiles/cmTryCompileExec1446829338.dir/link.txt --verbose=1]
  ignore line: [/usr/bin/cc      -Wl,-search_paths_first -Wl,-headerpad_max_install_names -v CMakeFiles/cmTryCompileExec1446829338.dir/CMakeCCompilerABI.c.o  -o cmTryCompileExec1446829338   ]
  ignore line: [Apple LLVM version 4.2 (clang-425.0.28) (based on LLVM 3.2svn)]
  ignore line: [Target: x86_64-apple-darwin12.2.0]
  ignore line: [Thread model: posix]
  link line: [ "/usr/bin/ld" -demangle -dynamic -arch x86_64 -macosx_version_min 10.8.0 -o cmTryCompileExec1446829338 -search_paths_first -headerpad_max_install_names CMakeFiles/cmTryCompileExec1446829338.dir/CMakeCCompilerABI.c.o -lSystem /usr/bin/../lib/clang/4.2/lib/darwin/libclang_rt.osx.a]
    arg [/usr/bin/ld] ==> ignore
    arg [-demangle] ==> ignore
    arg [-dynamic] ==> ignore
    arg [-arch] ==> ignore
    arg [x86_64] ==> ignore
    arg [-macosx_version_min] ==> ignore
    arg [10.8.0] ==> ignore
    arg [-o] ==> ignore
    arg [cmTryCompileExec1446829338] ==> ignore
    arg [-search_paths_first] ==> ignore
    arg [-headerpad_max_install_names] ==> ignore
    arg [CMakeFiles/cmTryCompileExec1446829338.dir/CMakeCCompilerABI.c.o] ==> ignore
    arg [-lSystem] ==> lib [System]
    arg [/usr/bin/../lib/clang/4.2/lib/darwin/libclang_rt.osx.a] ==> lib [/usr/bin/../lib/clang/4.2/lib/darwin/libclang_rt.osx.a]
  remove lib [System]
  implicit libs: [/usr/bin/../lib/clang/4.2/lib/darwin/libclang_rt.osx.a]
  implicit dirs: []


Determining if the function fseeko exists passed with the following output:
Change Dir: /Users/jianweixu/Documents/Project/Face/FaceExpressionRecognition/opencv-2.4.5/release/CMakeFiles/CMakeTmp

Run Build Command:/opt/local/bin/gmake "cmTryCompileExec1695954027/fast"
/opt/local/bin/gmake -f CMakeFiles/cmTryCompileExec1695954027.dir/build.make CMakeFiles/cmTryCompileExec1695954027.dir/build
gmake[1]: Entering directory `/Users/jianweixu/Documents/Project/Face/FaceExpressionRecognition/opencv-2.4.5/release/CMakeFiles/CMakeTmp'
/opt/local/bin/cmake -E cmake_progress_report /Users/jianweixu/Documents/Project/Face/FaceExpressionRecognition/opencv-2.4.5/release/CMakeFiles/CMakeTmp/CMakeFiles 1
Building C object CMakeFiles/cmTryCompileExec1695954027.dir/CheckFunctionExists.c.o
/usr/bin/cc   -W -Werror=return-type -Werror=address -Werror=sequence-point -Wformat -Werror=format-security -Wmissing-declarations -Wmissing-prototypes -Wstrict-prototypes -Wundef -Winit-self -Wpointer-arith -Wshadow -Wsign-promo -Wno-narrowing -Wno-delete-non-virtual-dtor -Wno-unnamed-type-template-args -fdiagnostics-show-option -fno-omit-frame-pointer -msse -msse2 -msse3  -DCHECK_FUNCTION_EXISTS=fseeko -O3 -DNDEBUG   -o CMakeFiles/cmTryCompileExec1695954027.dir/CheckFunctionExists.c.o   -c /opt/local/share/cmake-2.8/Modules/CheckFunctionExists.c
Linking C executable cmTryCompileExec1695954027
/opt/local/bin/cmake -E cmake_link_script CMakeFiles/cmTryCompileExec1695954027.dir/link.txt --verbose=1
/usr/bin/cc      -W -Werror=return-type -Werror=address -Werror=sequence-point -Wformat -Werror=format-security -Wmissing-declarations -Wmissing-prototypes -Wstrict-prototypes -Wundef -Winit-self -Wpointer-arith -Wshadow -Wsign-promo -Wno-narrowing -Wno-delete-non-virtual-dtor -Wno-unnamed-type-template-args -fdiagnostics-show-option -fno-omit-frame-pointer -msse -msse2 -msse3  -DCHECK_FUNCTION_EXISTS=fseeko -O3 -DNDEBUG -Wl,-search_paths_first -Wl,-headerpad_max_install_names   CMakeFiles/cmTryCompileExec1695954027.dir/CheckFunctionExists.c.o  -o cmTryCompileExec1695954027  
gmake[1]: Leaving directory `/Users/jianweixu/Documents/Project/Face/FaceExpressionRecognition/opencv-2.4.5/release/CMakeFiles/CMakeTmp'


Determining if the include file unistd.h exists passed with the following output:
Change Dir: /Users/jianweixu/Documents/Project/Face/FaceExpressionRecognition/opencv-2.4.5/release/CMakeFiles/CMakeTmp

Run Build Command:/opt/local/bin/gmake "cmTryCompileExec3306842190/fast"
/opt/local/bin/gmake -f CMakeFiles/cmTryCompileExec3306842190.dir/build.make CMakeFiles/cmTryCompileExec3306842190.dir/build
gmake[1]: Entering directory `/Users/jianweixu/Documents/Project/Face/FaceExpressionRecognition/opencv-2.4.5/release/CMakeFiles/CMakeTmp'
/opt/local/bin/cmake -E cmake_progress_report /Users/jianweixu/Documents/Project/Face/FaceExpressionRecognition/opencv-2.4.5/release/CMakeFiles/CMakeTmp/CMakeFiles 1
Building C object CMakeFiles/cmTryCompileExec3306842190.dir/CheckIncludeFile.c.o
/usr/bin/cc   -W -Werror=return-type -Werror=address -Werror=sequence-point -Wformat -Werror=format-security -Wmissing-declarations -Wmissing-prototypes -Wstrict-prototypes -Wundef -Winit-self -Wpointer-arith -Wshadow -Wsign-promo -Wno-narrowing -Wno-delete-non-virtual-dtor -Wno-unnamed-type-template-args -fdiagnostics-show-option -fno-omit-frame-pointer -msse -msse2 -msse3   -O3 -DNDEBUG   -o CMakeFiles/cmTryCompileExec3306842190.dir/CheckIncludeFile.c.o   -c /Users/jianweixu/Documents/Project/Face/FaceExpressionRecognition/opencv-2.4.5/release/CMakeFiles/CMakeTmp/CheckIncludeFile.c
Linking C executable cmTryCompileExec3306842190
/opt/local/bin/cmake -E cmake_link_script CMakeFiles/cmTryCompileExec3306842190.dir/link.txt --verbose=1
/usr/bin/cc      -W -Werror=return-type -Werror=address -Werror=sequence-point -Wformat -Werror=format-security -Wmissing-declarations -Wmissing-prototypes -Wstrict-prototypes -Wundef -Winit-self -Wpointer-arith -Wshadow -Wsign-promo -Wno-narrowing -Wno-delete-non-virtual-dtor -Wno-unnamed-type-template-args -fdiagnostics-show-option -fno-omit-frame-pointer -msse -msse2 -msse3   -O3 -DNDEBUG -Wl,-search_paths_first -Wl,-headerpad_max_install_names   CMakeFiles/cmTryCompileExec3306842190.dir/CheckIncludeFile.c.o  -o cmTryCompileExec3306842190  
gmake[1]: Leaving directory `/Users/jianweixu/Documents/Project/Face/FaceExpressionRecognition/opencv-2.4.5/release/CMakeFiles/CMakeTmp'


Determining if the include file sys/types.h exists passed with the following output:
Change Dir: /Users/jianweixu/Documents/Project/Face/FaceExpressionRecognition/opencv-2.4.5/release/CMakeFiles/CMakeTmp

Run Build Command:/opt/local/bin/gmake "cmTryCompileExec3101522662/fast"
/opt/local/bin/gmake -f CMakeFiles/cmTryCompileExec3101522662.dir/build.make CMakeFiles/cmTryCompileExec3101522662.dir/build
gmake[1]: Entering directory `/Users/jianweixu/Documents/Project/Face/FaceExpressionRecognition/opencv-2.4.5/release/CMakeFiles/CMakeTmp'
/opt/local/bin/cmake -E cmake_progress_report /Users/jianweixu/Documents/Project/Face/FaceExpressionRecognition/opencv-2.4.5/release/CMakeFiles/CMakeTmp/CMakeFiles 1
Building C object CMakeFiles/cmTryCompileExec3101522662.dir/CheckIncludeFile.c.o
/usr/bin/cc   -W -Werror=return-type -Werror=address -Werror=sequence-point -Wformat -Werror=format-security -Wmissing-declarations -Wmissing-prototypes -Wstrict-prototypes -Wundef -Winit-self -Wpointer-arith -Wshadow -Wsign-promo -Wno-narrowing -Wno-delete-non-virtual-dtor -Wno-unnamed-type-template-args -fdiagnostics-show-option -fno-omit-frame-pointer -msse -msse2 -msse3   -O3 -DNDEBUG   -o CMakeFiles/cmTryCompileExec3101522662.dir/CheckIncludeFile.c.o   -c /Users/jianweixu/Documents/Project/Face/FaceExpressionRecognition/opencv-2.4.5/release/CMakeFiles/CMakeTmp/CheckIncludeFile.c
Linking C executable cmTryCompileExec3101522662
/opt/local/bin/cmake -E cmake_link_script CMakeFiles/cmTryCompileExec3101522662.dir/link.txt --verbose=1
/usr/bin/cc      -W -Werror=return-type -Werror=address -Werror=sequence-point -Wformat -Werror=format-security -Wmissing-declarations -Wmissing-prototypes -Wstrict-prototypes -Wundef -Winit-self -Wpointer-arith -Wshadow -Wsign-promo -Wno-narrowing -Wno-delete-non-virtual-dtor -Wno-unnamed-type-template-args -fdiagnostics-show-option -fno-omit-frame-pointer -msse -msse2 -msse3   -O3 -DNDEBUG -Wl,-search_paths_first -Wl,-headerpad_max_install_names   CMakeFiles/cmTryCompileExec3101522662.dir/CheckIncludeFile.c.o  -o cmTryCompileExec3101522662  
gmake[1]: Leaving directory `/Users/jianweixu/Documents/Project/Face/FaceExpressionRecognition/opencv-2.4.5/release/CMakeFiles/CMakeTmp'


Determining if the include file stdint.h exists passed with the following output:
Change Dir: /Users/jianweixu/Documents/Project/Face/FaceExpressionRecognition/opencv-2.4.5/release/CMakeFiles/CMakeTmp

Run Build Command:/opt/local/bin/gmake "cmTryCompileExec1225012739/fast"
/opt/local/bin/gmake -f CMakeFiles/cmTryCompileExec1225012739.dir/build.make CMakeFiles/cmTryCompileExec1225012739.dir/build
gmake[1]: Entering directory `/Users/jianweixu/Documents/Project/Face/FaceExpressionRecognition/opencv-2.4.5/release/CMakeFiles/CMakeTmp'
/opt/local/bin/cmake -E cmake_progress_report /Users/jianweixu/Documents/Project/Face/FaceExpressionRecognition/opencv-2.4.5/release/CMakeFiles/CMakeTmp/CMakeFiles 1
Building C object CMakeFiles/cmTryCompileExec1225012739.dir/CheckIncludeFile.c.o
/usr/bin/cc   -W -Werror=return-type -Werror=address -Werror=sequence-point -Wformat -Werror=format-security -Wmissing-declarations -Wmissing-prototypes -Wstrict-prototypes -Wundef -Winit-self -Wpointer-arith -Wshadow -Wsign-promo -Wno-narrowing -Wno-delete-non-virtual-dtor -Wno-unnamed-type-template-args -fdiagnostics-show-option -fno-omit-frame-pointer -msse -msse2 -msse3   -O3 -DNDEBUG   -o CMakeFiles/cmTryCompileExec1225012739.dir/CheckIncludeFile.c.o   -c /Users/jianweixu/Documents/Project/Face/FaceExpressionRecognition/opencv-2.4.5/release/CMakeFiles/CMakeTmp/CheckIncludeFile.c
Linking C executable cmTryCompileExec1225012739
/opt/local/bin/cmake -E cmake_link_script CMakeFiles/cmTryCompileExec1225012739.dir/link.txt --verbose=1
/usr/bin/cc      -W -Werror=return-type -Werror=address -Werror=sequence-point -Wformat -Werror=format-security -Wmissing-declarations -Wmissing-prototypes -Wstrict-prototypes -Wundef -Winit-self -Wpointer-arith -Wshadow -Wsign-promo -Wno-narrowing -Wno-delete-non-virtual-dtor -Wno-unnamed-type-template-args -fdiagnostics-show-option -fno-omit-frame-pointer -msse -msse2 -msse3   -O3 -DNDEBUG -Wl,-search_paths_first -Wl,-headerpad_max_install_names   CMakeFiles/cmTryCompileExec1225012739.dir/CheckIncludeFile.c.o  -o cmTryCompileExec1225012739  
gmake[1]: Leaving directory `/Users/jianweixu/Documents/Project/Face/FaceExpressionRecognition/opencv-2.4.5/release/CMakeFiles/CMakeTmp'


Determining if the include file stddef.h exists passed with the following output:
Change Dir: /Users/jianweixu/Documents/Project/Face/FaceExpressionRecognition/opencv-2.4.5/release/CMakeFiles/CMakeTmp

Run Build Command:/opt/local/bin/gmake "cmTryCompileExec1108222309/fast"
/opt/local/bin/gmake -f CMakeFiles/cmTryCompileExec1108222309.dir/build.make CMakeFiles/cmTryCompileExec1108222309.dir/build
gmake[1]: Entering directory `/Users/jianweixu/Documents/Project/Face/FaceExpressionRecognition/opencv-2.4.5/release/CMakeFiles/CMakeTmp'
/opt/local/bin/cmake -E cmake_progress_report /Users/jianweixu/Documents/Project/Face/FaceExpressionRecognition/opencv-2.4.5/release/CMakeFiles/CMakeTmp/CMakeFiles 1
Building C object CMakeFiles/cmTryCompileExec1108222309.dir/CheckIncludeFile.c.o
/usr/bin/cc   -W -Werror=return-type -Werror=address -Werror=sequence-point -Wformat -Werror=format-security -Wmissing-declarations -Wmissing-prototypes -Wstrict-prototypes -Wundef -Winit-self -Wpointer-arith -Wshadow -Wsign-promo -Wno-narrowing -Wno-delete-non-virtual-dtor -Wno-unnamed-type-template-args -fdiagnostics-show-option -fno-omit-frame-pointer -msse -msse2 -msse3   -O3 -DNDEBUG   -o CMakeFiles/cmTryCompileExec1108222309.dir/CheckIncludeFile.c.o   -c /Users/jianweixu/Documents/Project/Face/FaceExpressionRecognition/opencv-2.4.5/release/CMakeFiles/CMakeTmp/CheckIncludeFile.c
Linking C executable cmTryCompileExec1108222309
/opt/local/bin/cmake -E cmake_link_script CMakeFiles/cmTryCompileExec1108222309.dir/link.txt --verbose=1
/usr/bin/cc      -W -Werror=return-type -Werror=address -Werror=sequence-point -Wformat -Werror=format-security -Wmissing-declarations -Wmissing-prototypes -Wstrict-prototypes -Wundef -Winit-self -Wpointer-arith -Wshadow -Wsign-promo -Wno-narrowing -Wno-delete-non-virtual-dtor -Wno-unnamed-type-template-args -fdiagnostics-show-option -fno-omit-frame-pointer -msse -msse2 -msse3   -O3 -DNDEBUG -Wl,-search_paths_first -Wl,-headerpad_max_install_names   CMakeFiles/cmTryCompileExec1108222309.dir/CheckIncludeFile.c.o  -o cmTryCompileExec1108222309  
gmake[1]: Leaving directory `/Users/jianweixu/Documents/Project/Face/FaceExpressionRecognition/opencv-2.4.5/release/CMakeFiles/CMakeTmp'


Determining if the include file assert.h exists passed with the following output:
Change Dir: /Users/jianweixu/Documents/Project/Face/FaceExpressionRecognition/opencv-2.4.5/release/CMakeFiles/CMakeTmp

Run Build Command:/opt/local/bin/gmake "cmTryCompileExec204517022/fast"
/opt/local/bin/gmake -f CMakeFiles/cmTryCompileExec204517022.dir/build.make CMakeFiles/cmTryCompileExec204517022.dir/build
gmake[1]: Entering directory `/Users/jianweixu/Documents/Project/Face/FaceExpressionRecognition/opencv-2.4.5/release/CMakeFiles/CMakeTmp'
/opt/local/bin/cmake -E cmake_progress_report /Users/jianweixu/Documents/Project/Face/FaceExpressionRecognition/opencv-2.4.5/release/CMakeFiles/CMakeTmp/CMakeFiles 1
Building C object CMakeFiles/cmTryCompileExec204517022.dir/CheckIncludeFile.c.o
/usr/bin/cc   -W -Werror=return-type -Werror=address -Werror=sequence-point -Wformat -Werror=format-security -Wmissing-declarations -Wmissing-prototypes -Wstrict-prototypes -Wundef -Winit-self -Wpointer-arith -Wshadow -Wsign-promo -Wno-narrowing -Wno-delete-non-virtual-dtor -Wno-unnamed-type-template-args -fdiagnostics-show-option -fno-omit-frame-pointer -msse -msse2 -msse3   -O3 -DNDEBUG   -o CMakeFiles/cmTryCompileExec204517022.dir/CheckIncludeFile.c.o   -c /Users/jianweixu/Documents/Project/Face/FaceExpressionRecognition/opencv-2.4.5/release/CMakeFiles/CMakeTmp/CheckIncludeFile.c
Linking C executable cmTryCompileExec204517022
/opt/local/bin/cmake -E cmake_link_script CMakeFiles/cmTryCompileExec204517022.dir/link.txt --verbose=1
/usr/bin/cc      -W -Werror=return-type -Werror=address -Werror=sequence-point -Wformat -Werror=format-security -Wmissing-declarations -Wmissing-prototypes -Wstrict-prototypes -Wundef -Winit-self -Wpointer-arith -Wshadow -Wsign-promo -Wno-narrowing -Wno-delete-non-virtual-dtor -Wno-unnamed-type-template-args -fdiagnostics-show-option -fno-omit-frame-pointer -msse -msse2 -msse3   -O3 -DNDEBUG -Wl,-search_paths_first -Wl,-headerpad_max_install_names   CMakeFiles/cmTryCompileExec204517022.dir/CheckIncludeFile.c.o  -o cmTryCompileExec204517022  
gmake[1]: Leaving directory `/Users/jianweixu/Documents/Project/Face/FaceExpressionRecognition/opencv-2.4.5/release/CMakeFiles/CMakeTmp'


Determining if the include file fcntl.h exists passed with the following output:
Change Dir: /Users/jianweixu/Documents/Project/Face/FaceExpressionRecognition/opencv-2.4.5/release/CMakeFiles/CMakeTmp

Run Build Command:/opt/local/bin/gmake "cmTryCompileExec3967046306/fast"
/opt/local/bin/gmake -f CMakeFiles/cmTryCompileExec3967046306.dir/build.make CMakeFiles/cmTryCompileExec3967046306.dir/build
gmake[1]: Entering directory `/Users/jianweixu/Documents/Project/Face/FaceExpressionRecognition/opencv-2.4.5/release/CMakeFiles/CMakeTmp'
/opt/local/bin/cmake -E cmake_progress_report /Users/jianweixu/Documents/Project/Face/FaceExpressionRecognition/opencv-2.4.5/release/CMakeFiles/CMakeTmp/CMakeFiles 1
Building C object CMakeFiles/cmTryCompileExec3967046306.dir/CheckIncludeFile.c.o
/usr/bin/cc   -W -Werror=return-type -Werror=address -Werror=sequence-point -Wformat -Werror=format-security -Wmissing-declarations -Wmissing-prototypes -Wstrict-prototypes -Wundef -Winit-self -Wpointer-arith -Wshadow -Wsign-promo -Wno-narrowing -Wno-delete-non-virtual-dtor -Wno-unnamed-type-template-args -fdiagnostics-show-option -fno-omit-frame-pointer -msse -msse2 -msse3   -O3 -DNDEBUG   -o CMakeFiles/cmTryCompileExec3967046306.dir/CheckIncludeFile.c.o   -c /Users/jianweixu/Documents/Project/Face/FaceExpressionRecognition/opencv-2.4.5/release/CMakeFiles/CMakeTmp/CheckIncludeFile.c
Linking C executable cmTryCompileExec3967046306
/opt/local/bin/cmake -E cmake_link_script CMakeFiles/cmTryCompileExec3967046306.dir/link.txt --verbose=1
/usr/bin/cc      -W -Werror=return-type -Werror=address -Werror=sequence-point -Wformat -Werror=format-security -Wmissing-declarations -Wmissing-prototypes -Wstrict-prototypes -Wundef -Winit-self -Wpointer-arith -Wshadow -Wsign-promo -Wno-narrowing -Wno-delete-non-virtual-dtor -Wno-unnamed-type-template-args -fdiagnostics-show-option -fno-omit-frame-pointer -msse -msse2 -msse3   -O3 -DNDEBUG -Wl,-search_paths_first -Wl,-headerpad_max_install_names   CMakeFiles/cmTryCompileExec3967046306.dir/CheckIncludeFile.c.o  -o cmTryCompileExec3967046306  
gmake[1]: Leaving directory `/Users/jianweixu/Documents/Project/Face/FaceExpressionRecognition/opencv-2.4.5/release/CMakeFiles/CMakeTmp'


Determining if the function mmap exists passed with the following output:
Change Dir: /Users/jianweixu/Documents/Project/Face/FaceExpressionRecognition/opencv-2.4.5/release/CMakeFiles/CMakeTmp

Run Build Command:/opt/local/bin/gmake "cmTryCompileExec2102774558/fast"
/opt/local/bin/gmake -f CMakeFiles/cmTryCompileExec2102774558.dir/build.make CMakeFiles/cmTryCompileExec2102774558.dir/build
gmake[1]: Entering directory `/Users/jianweixu/Documents/Project/Face/FaceExpressionRecognition/opencv-2.4.5/release/CMakeFiles/CMakeTmp'
/opt/local/bin/cmake -E cmake_progress_report /Users/jianweixu/Documents/Project/Face/FaceExpressionRecognition/opencv-2.4.5/release/CMakeFiles/CMakeTmp/CMakeFiles 1
Building C object CMakeFiles/cmTryCompileExec2102774558.dir/CheckFunctionExists.c.o
/usr/bin/cc   -W -Werror=return-type -Werror=address -Werror=sequence-point -Wformat -Werror=format-security -Wmissing-declarations -Wmissing-prototypes -Wstrict-prototypes -Wundef -Winit-self -Wpointer-arith -Wshadow -Wsign-promo -Wno-narrowing -Wno-delete-non-virtual-dtor -Wno-unnamed-type-template-args -fdiagnostics-show-option -fno-omit-frame-pointer -msse -msse2 -msse3  -DCHECK_FUNCTION_EXISTS=mmap -O3 -DNDEBUG   -o CMakeFiles/cmTryCompileExec2102774558.dir/CheckFunctionExists.c.o   -c /opt/local/share/cmake-2.8/Modules/CheckFunctionExists.c
Linking C executable cmTryCompileExec2102774558
/opt/local/bin/cmake -E cmake_link_script CMakeFiles/cmTryCompileExec2102774558.dir/link.txt --verbose=1
/usr/bin/cc      -W -Werror=return-type -Werror=address -Werror=sequence-point -Wformat -Werror=format-security -Wmissing-declarations -Wmissing-prototypes -Wstrict-prototypes -Wundef -Winit-self -Wpointer-arith -Wshadow -Wsign-promo -Wno-narrowing -Wno-delete-non-virtual-dtor -Wno-unnamed-type-template-args -fdiagnostics-show-option -fno-omit-frame-pointer -msse -msse2 -msse3  -DCHECK_FUNCTION_EXISTS=mmap -O3 -DNDEBUG -Wl,-search_paths_first -Wl,-headerpad_max_install_names   CMakeFiles/cmTryCompileExec2102774558.dir/CheckFunctionExists.c.o  -o cmTryCompileExec2102774558  
gmake[1]: Leaving directory `/Users/jianweixu/Documents/Project/Face/FaceExpressionRecognition/opencv-2.4.5/release/CMakeFiles/CMakeTmp'


Determining if the include file search.h exists passed with the following output:
Change Dir: /Users/jianweixu/Documents/Project/Face/FaceExpressionRecognition/opencv-2.4.5/release/CMakeFiles/CMakeTmp

Run Build Command:/opt/local/bin/gmake "cmTryCompileExec1422289140/fast"
/opt/local/bin/gmake -f CMakeFiles/cmTryCompileExec1422289140.dir/build.make CMakeFiles/cmTryCompileExec1422289140.dir/build
gmake[1]: Entering directory `/Users/jianweixu/Documents/Project/Face/FaceExpressionRecognition/opencv-2.4.5/release/CMakeFiles/CMakeTmp'
/opt/local/bin/cmake -E cmake_progress_report /Users/jianweixu/Documents/Project/Face/FaceExpressionRecognition/opencv-2.4.5/release/CMakeFiles/CMakeTmp/CMakeFiles 1
Building C object CMakeFiles/cmTryCompileExec1422289140.dir/CheckIncludeFile.c.o
/usr/bin/cc   -W -Werror=return-type -Werror=address -Werror=sequence-point -Wformat -Werror=format-security -Wmissing-declarations -Wmissing-prototypes -Wstrict-prototypes -Wundef -Winit-self -Wpointer-arith -Wshadow -Wsign-promo -Wno-narrowing -Wno-delete-non-virtual-dtor -Wno-unnamed-type-template-args -fdiagnostics-show-option -fno-omit-frame-pointer -msse -msse2 -msse3   -O3 -DNDEBUG   -o CMakeFiles/cmTryCompileExec1422289140.dir/CheckIncludeFile.c.o   -c /Users/jianweixu/Documents/Project/Face/FaceExpressionRecognition/opencv-2.4.5/release/CMakeFiles/CMakeTmp/CheckIncludeFile.c
Linking C executable cmTryCompileExec1422289140
/opt/local/bin/cmake -E cmake_link_script CMakeFiles/cmTryCompileExec1422289140.dir/link.txt --verbose=1
/usr/bin/cc      -W -Werror=return-type -Werror=address -Werror=sequence-point -Wformat -Werror=format-security -Wmissing-declarations -Wmissing-prototypes -Wstrict-prototypes -Wundef -Winit-self -Wpointer-arith -Wshadow -Wsign-promo -Wno-narrowing -Wno-delete-non-virtual-dtor -Wno-unnamed-type-template-args -fdiagnostics-show-option -fno-omit-frame-pointer -msse -msse2 -msse3   -O3 -DNDEBUG -Wl,-search_paths_first -Wl,-headerpad_max_install_names   CMakeFiles/cmTryCompileExec1422289140.dir/CheckIncludeFile.c.o  -o cmTryCompileExec1422289140  
gmake[1]: Leaving directory `/Users/jianweixu/Documents/Project/Face/FaceExpressionRecognition/opencv-2.4.5/release/CMakeFiles/CMakeTmp'


Determining if the include file string.h exists passed with the following output:
Change Dir: /Users/jianweixu/Documents/Project/Face/FaceExpressionRecognition/opencv-2.4.5/release/CMakeFiles/CMakeTmp

Run Build Command:/opt/local/bin/gmake "cmTryCompileExec3384682577/fast"
/opt/local/bin/gmake -f CMakeFiles/cmTryCompileExec3384682577.dir/build.make CMakeFiles/cmTryCompileExec3384682577.dir/build
gmake[1]: Entering directory `/Users/jianweixu/Documents/Project/Face/FaceExpressionRecognition/opencv-2.4.5/release/CMakeFiles/CMakeTmp'
/opt/local/bin/cmake -E cmake_progress_report /Users/jianweixu/Documents/Project/Face/FaceExpressionRecognition/opencv-2.4.5/release/CMakeFiles/CMakeTmp/CMakeFiles 1
Building C object CMakeFiles/cmTryCompileExec3384682577.dir/CheckIncludeFile.c.o
/usr/bin/cc   -W -Werror=return-type -Werror=address -Werror=sequence-point -Wformat -Werror=format-security -Wmissing-declarations -Wmissing-prototypes -Wstrict-prototypes -Wundef -Winit-self -Wpointer-arith -Wshadow -Wsign-promo -Wno-narrowing -Wno-delete-non-virtual-dtor -Wno-unnamed-type-template-args -fdiagnostics-show-option -fno-omit-frame-pointer -msse -msse2 -msse3   -O3 -DNDEBUG   -o CMakeFiles/cmTryCompileExec3384682577.dir/CheckIncludeFile.c.o   -c /Users/jianweixu/Documents/Project/Face/FaceExpressionRecognition/opencv-2.4.5/release/CMakeFiles/CMakeTmp/CheckIncludeFile.c
Linking C executable cmTryCompileExec3384682577
/opt/local/bin/cmake -E cmake_link_script CMakeFiles/cmTryCompileExec3384682577.dir/link.txt --verbose=1
/usr/bin/cc      -W -Werror=return-type -Werror=address -Werror=sequence-point -Wformat -Werror=format-security -Wmissing-declarations -Wmissing-prototypes -Wstrict-prototypes -Wundef -Winit-self -Wpointer-arith -Wshadow -Wsign-promo -Wno-narrowing -Wno-delete-non-virtual-dtor -Wno-unnamed-type-template-args -fdiagnostics-show-option -fno-omit-frame-pointer -msse -msse2 -msse3   -O3 -DNDEBUG -Wl,-search_paths_first -Wl,-headerpad_max_install_names   CMakeFiles/cmTryCompileExec3384682577.dir/CheckIncludeFile.c.o  -o cmTryCompileExec3384682577  
gmake[1]: Leaving directory `/Users/jianweixu/Documents/Project/Face/FaceExpressionRecognition/opencv-2.4.5/release/CMakeFiles/CMakeTmp'


Determining if the include file unistd.h exists passed with the following output:
Change Dir: /Users/jianweixu/Documents/Project/Face/FaceExpressionRecognition/opencv-2.4.5/release/CMakeFiles/CMakeTmp

Run Build Command:/opt/local/bin/gmake "cmTryCompileExec2220838600/fast"
/opt/local/bin/gmake -f CMakeFiles/cmTryCompileExec2220838600.dir/build.make CMakeFiles/cmTryCompileExec2220838600.dir/build
gmake[1]: Entering directory `/Users/jianweixu/Documents/Project/Face/FaceExpressionRecognition/opencv-2.4.5/release/CMakeFiles/CMakeTmp'
/opt/local/bin/cmake -E cmake_progress_report /Users/jianweixu/Documents/Project/Face/FaceExpressionRecognition/opencv-2.4.5/release/CMakeFiles/CMakeTmp/CMakeFiles 1
Building C object CMakeFiles/cmTryCompileExec2220838600.dir/CheckIncludeFile.c.o
/usr/bin/cc   -W -Werror=return-type -Werror=address -Werror=sequence-point -Wformat -Werror=format-security -Wmissing-declarations -Wmissing-prototypes -Wstrict-prototypes -Wundef -Winit-self -Wpointer-arith -Wshadow -Wsign-promo -Wno-narrowing -Wno-delete-non-virtual-dtor -Wno-unnamed-type-template-args -fdiagnostics-show-option -fno-omit-frame-pointer -msse -msse2 -msse3   -O3 -DNDEBUG   -o CMakeFiles/cmTryCompileExec2220838600.dir/CheckIncludeFile.c.o   -c /Users/jianweixu/Documents/Project/Face/FaceExpressionRecognition/opencv-2.4.5/release/CMakeFiles/CMakeTmp/CheckIncludeFile.c
Linking C executable cmTryCompileExec2220838600
/opt/local/bin/cmake -E cmake_link_script CMakeFiles/cmTryCompileExec2220838600.dir/link.txt --verbose=1
/usr/bin/cc      -W -Werror=return-type -Werror=address -Werror=sequence-point -Wformat -Werror=format-security -Wmissing-declarations -Wmissing-prototypes -Wstrict-prototypes -Wundef -Winit-self -Wpointer-arith -Wshadow -Wsign-promo -Wno-narrowing -Wno-delete-non-virtual-dtor -Wno-unnamed-type-template-args -fdiagnostics-show-option -fno-omit-frame-pointer -msse -msse2 -msse3   -O3 -DNDEBUG -Wl,-search_paths_first -Wl,-headerpad_max_install_names   CMakeFiles/cmTryCompileExec2220838600.dir/CheckIncludeFile.c.o  -o cmTryCompileExec2220838600  
gmake[1]: Leaving directory `/Users/jianweixu/Documents/Project/Face/FaceExpressionRecognition/opencv-2.4.5/release/CMakeFiles/CMakeTmp'


Determining if the include file semaphore.h exists passed with the following output:
Change Dir: /Users/jianweixu/Documents/Project/Face/FaceExpressionRecognition/opencv-2.4.5/release/CMakeFiles/CMakeTmp

Run Build Command:/opt/local/bin/gmake "cmTryCompileExec3116091307/fast"
/opt/local/bin/gmake -f CMakeFiles/cmTryCompileExec3116091307.dir/build.make CMakeFiles/cmTryCompileExec3116091307.dir/build
gmake[1]: Entering directory `/Users/jianweixu/Documents/Project/Face/FaceExpressionRecognition/opencv-2.4.5/release/CMakeFiles/CMakeTmp'
/opt/local/bin/cmake -E cmake_progress_report /Users/jianweixu/Documents/Project/Face/FaceExpressionRecognition/opencv-2.4.5/release/CMakeFiles/CMakeTmp/CMakeFiles 1
Building C object CMakeFiles/cmTryCompileExec3116091307.dir/CheckIncludeFile.c.o
/usr/bin/cc   -W -Werror=return-type -Werror=address -Werror=sequence-point -Wformat -Werror=format-security -Wmissing-declarations -Wmissing-prototypes -Wstrict-prototypes -Wundef -Winit-self -Wpointer-arith -Wshadow -Wsign-promo -Wno-narrowing -Wno-delete-non-virtual-dtor -Wno-unnamed-type-template-args -fdiagnostics-show-option -fno-omit-frame-pointer -msse -msse2 -msse3   -O3 -DNDEBUG   -o CMakeFiles/cmTryCompileExec3116091307.dir/CheckIncludeFile.c.o   -c /Users/jianweixu/Documents/Project/Face/FaceExpressionRecognition/opencv-2.4.5/release/CMakeFiles/CMakeTmp/CheckIncludeFile.c
Linking C executable cmTryCompileExec3116091307
/opt/local/bin/cmake -E cmake_link_script CMakeFiles/cmTryCompileExec3116091307.dir/link.txt --verbose=1
/usr/bin/cc      -W -Werror=return-type -Werror=address -Werror=sequence-point -Wformat -Werror=format-security -Wmissing-declarations -Wmissing-prototypes -Wstrict-prototypes -Wundef -Winit-self -Wpointer-arith -Wshadow -Wsign-promo -Wno-narrowing -Wno-delete-non-virtual-dtor -Wno-unnamed-type-template-args -fdiagnostics-show-option -fno-omit-frame-pointer -msse -msse2 -msse3   -O3 -DNDEBUG -Wl,-search_paths_first -Wl,-headerpad_max_install_names   CMakeFiles/cmTryCompileExec3116091307.dir/CheckIncludeFile.c.o  -o cmTryCompileExec3116091307  
gmake[1]: Leaving directory `/Users/jianweixu/Documents/Project/Face/FaceExpressionRecognition/opencv-2.4.5/release/CMakeFiles/CMakeTmp'


